<?xml version="1.0" encoding="utf-8" ?>
<log4net>
  <!--General Logger-->
  <appender name="GeneralLog" type="log4net.Appender.RollingFileAppender">
    <file value="config\logs\full.log"/>
    <appendToFile value="true"/>
    <maximumFileSize value="1024KB"/>
    <rollingStyle value="Size"/>
    <maxSizeRollBackups value="10"/>
    <layout type="log4net.Layout.PatternLayout">
      <conversionPattern value="%d{yyyy-MM-dd HH:mm:ss} [%t] %-5p %c{2} - %m%n"/>
    </layout>
  </appender>
  <!--Error/Fatal Logger-->
  <appender name="ErrorLog" type="log4net.Appender.RollingFileAppender">
    <file value="config\logs\error.log"/>
    <appendToFile value="true"/>
    <maximumFileSize value="1024KB"/>
    <rollingStyle value="Size"/>
    <maxSizeRollBackups value="10"/>
    <layout type="log4net.Layout.PatternLayout">
      <conversionPattern value="%d{yyyy-MM-dd HH:mm:ss} [%t] %-5p %c{2} - %m%n"/>
    </layout>
    <filter type="log4net.Filter.LevelRangeFilter">
      <levelMin value="ERROR"/>
      <levelMax value="FATAL"/>
    </filter>
  </appender>
  <!--Info Logger-->
  <appender name="InfoLog" type="log4net.Appender.RollingFileAppender">
    <file value="config\logs\info.log"/>
    <appendToFile value="true"/>
    <maximumFileSize value="1024KB"/>
    <rollingStyle value="Size"/>
    <maxSizeRollBackups value="1"/>
    <layout type="log4net.Layout.PatternLayout">
      <conversionPattern value="%d{yyyy-MM-dd HH:mm:ss} [%t] %-5p %c{2} - %m%n"/>
    </layout>
    <filter type="log4net.Filter.LevelRangeFilter">
      <levelMin value="INFO"/>
      <levelMax value="INFO"/>
    </filter>
  </appender>
  <!--Console Logger-->
  <appender name="ConsoleAppender" type="log4net.Appender.ConsoleAppender">
    <layout type="log4net.Layout.PatternLayout">
      <conversionPattern value="%d{HH:mm:ss} [%t] %-5p %c{2} - %m%n" />
    </layout>
  </appender>
  <!---->
  <root>
    <!--General Information-->
    <appender-ref ref="GeneralLog"/>
    <appender-ref ref="ErrorLog"/>
    <appender-ref ref="InfoLog"/>
    <!--Debug Helpers-->
    <appender-ref ref="ConsoleAppender"/>
  </root>
</log4net>